2015-03-18 11:27:58,708 - jobscheduler.mainconsole - INFO - ----start jobscheduler-----
2015-03-18 11:27:58,734 - jobscheduler.SchedulerScan - DEBUG - ...scaning job schedulers[('1', '37 * * * *'), ('2', '34 * * * *'), ('3', '45 * * * *')]
2015-03-18 11:28:58,742 - jobscheduler.SchedulerScan - DEBUG - ...scaning job schedulers[('1', '37 * * * *'), ('2', '34 * * * *'), ('3', '45 * * * *')]
2015-03-18 11:29:58,750 - jobscheduler.SchedulerScan - DEBUG - ...scaning job schedulers[('1', '37 * * * *'), ('2', '34 * * * *'), ('3', '45 * * * *')]
2015-03-18 11:30:58,754 - jobscheduler.SchedulerScan - DEBUG - ...scaning job schedulers[('1', '37 * * * *'), ('2', '34 * * * *'), ('3', '45 * * * *')]
2015-03-18 11:31:58,762 - jobscheduler.SchedulerScan - DEBUG - ...scaning job schedulers[('1', '37 * * * *'), ('2', '34 * * * *'), ('3', '45 * * * *')]
2015-03-18 11:32:58,767 - jobscheduler.SchedulerScan - DEBUG - ...scaning job schedulers[('1', '37 * * * *'), ('2', '34 * * * *'), ('3', '45 * * * *')]
2015-03-18 11:33:58,775 - jobscheduler.SchedulerScan - DEBUG - ...scaning job schedulers[('1', '37 * * * *'), ('2', '34 * * * *'), ('3', '45 * * * *')]
2015-03-18 11:34:58,781 - jobscheduler.SchedulerScan - DEBUG - ...scaning job schedulers[('1', '37 * * * *'), ('2', '34 * * * *'), ('3', '45 * * * *')]
2015-03-18 11:34:58,781 - jobscheduler.SchedulerScan - DEBUG - .... scan job start run job:2
2015-03-18 11:34:58,790 - jobscheduler.exectools.cmd - DEBUG - job runing log:
2015-03-18 11:35:58,790 - jobscheduler.SchedulerScan - DEBUG - ...scaning job schedulers[('1', '37 * * * *'), ('2', '34 * * * *'), ('3', '45 * * * *')]
2015-03-18 11:36:58,799 - jobscheduler.SchedulerScan - DEBUG - ...scaning job schedulers[('1', '37 * * * *'), ('2', '34 * * * *'), ('3', '45 * * * *')]
2015-03-18 11:37:58,804 - jobscheduler.SchedulerScan - DEBUG - ...scaning job schedulers[('1', '37 * * * *'), ('2', '34 * * * *'), ('3', '45 * * * *')]
2015-03-18 11:37:58,805 - jobscheduler.SchedulerScan - DEBUG - .... scan job start run job:1
2015-03-18 11:37:58,811 - jobscheduler.exectools.cmd - DEBUG - job runing log:
2015-03-18 11:38:58,814 - jobscheduler.SchedulerScan - DEBUG - ...scaning job schedulers[('1', '37 * * * *'), ('2', '34 * * * *'), ('3', '45 * * * *')]
2015-03-18 11:39:58,822 - jobscheduler.SchedulerScan - DEBUG - ...scaning job schedulers[('1', '37 * * * *'), ('2', '34 * * * *'), ('3', '45 * * * *')]
2015-03-18 11:40:58,829 - jobscheduler.SchedulerScan - DEBUG - ...scaning job schedulers[('1', '37 * * * *'), ('2', '34 * * * *'), ('3', '45 * * * *')]
2015-03-18 11:41:58,838 - jobscheduler.SchedulerScan - DEBUG - ...scaning job schedulers[('1', '37 * * * *'), ('2', '34 * * * *'), ('3', '45 * * * *')]
2015-03-18 11:42:58,845 - jobscheduler.SchedulerScan - DEBUG - ...scaning job schedulers[('1', '37 * * * *'), ('2', '34 * * * *'), ('3', '45 * * * *')]
2015-03-18 11:43:58,849 - jobscheduler.SchedulerScan - DEBUG - ...scaning job schedulers[('1', '37 * * * *'), ('2', '34 * * * *'), ('3', '45 * * * *')]
2015-03-18 11:44:58,856 - jobscheduler.SchedulerScan - DEBUG - ...scaning job schedulers[('1', '37 * * * *'), ('2', '34 * * * *'), ('3', '45 * * * *')]
2015-03-18 11:45:58,863 - jobscheduler.SchedulerScan - DEBUG - ...scaning job schedulers[('1', '37 * * * *'), ('2', '34 * * * *'), ('3', '45 * * * *')]
2015-03-18 11:45:58,863 - jobscheduler.SchedulerScan - DEBUG - .... scan job start run job:3
2015-03-18 11:45:58,875 - jobscheduler.exectools.cmd - DEBUG - job runing log:
2015-03-18 11:46:58,873 - jobscheduler.SchedulerScan - DEBUG - ...scaning job schedulers[('1', '37 * * * *'), ('2', '34 * * * *'), ('3', '45 * * * *')]
2015-03-18 11:47:58,881 - jobscheduler.SchedulerScan - DEBUG - ...scaning job schedulers[('1', '37 * * * *'), ('2', '34 * * * *'), ('3', '45 * * * *')]
2015-03-18 11:48:58,889 - jobscheduler.SchedulerScan - DEBUG - ...scaning job schedulers[('1', '37 * * * *'), ('2', '34 * * * *'), ('3', '45 * * * *')]
2015-03-18 11:49:58,896 - jobscheduler.SchedulerScan - DEBUG - ...scaning job schedulers[('1', '37 * * * *'), ('2', '34 * * * *'), ('3', '45 * * * *')]
2015-03-18 11:50:58,904 - jobscheduler.SchedulerScan - DEBUG - ...scaning job schedulers[('1', '37 * * * *'), ('2', '34 * * * *'), ('3', '45 * * * *')]
2015-03-18 11:51:58,910 - jobscheduler.SchedulerScan - DEBUG - ...scaning job schedulers[('1', '37 * * * *'), ('2', '34 * * * *'), ('3', '45 * * * *')]
2015-03-18 11:52:58,915 - jobscheduler.SchedulerScan - DEBUG - ...scaning job schedulers[('1', '37 * * * *'), ('2', '34 * * * *'), ('3', '45 * * * *')]
2015-03-18 11:53:58,923 - jobscheduler.SchedulerScan - DEBUG - ...scaning job schedulers[('1', '37 * * * *'), ('2', '34 * * * *'), ('3', '45 * * * *')]
2015-03-18 11:54:58,931 - jobscheduler.SchedulerScan - DEBUG - ...scaning job schedulers[('1', '37 * * * *'), ('2', '34 * * * *'), ('3', '45 * * * *')]
2015-03-18 11:55:58,938 - jobscheduler.SchedulerScan - DEBUG - ...scaning job schedulers[('1', '37 * * * *'), ('2', '34 * * * *'), ('3', '45 * * * *')]
2015-03-18 11:56:58,947 - jobscheduler.SchedulerScan - DEBUG - ...scaning job schedulers[('1', '37 * * * *'), ('2', '34 * * * *'), ('3', '45 * * * *')]
2015-03-18 11:57:58,951 - jobscheduler.SchedulerScan - DEBUG - ...scaning job schedulers[('1', '37 * * * *'), ('2', '34 * * * *'), ('3', '45 * * * *')]
2015-03-18 11:58:58,956 - jobscheduler.SchedulerScan - DEBUG - ...scaning job schedulers[('1', '37 * * * *'), ('2', '34 * * * *'), ('3', '45 * * * *')]
2015-03-18 11:59:58,961 - jobscheduler.SchedulerScan - DEBUG - ...scaning job schedulers[('1', '37 * * * *'), ('2', '34 * * * *'), ('3', '45 * * * *')]
2015-03-18 12:00:58,970 - jobscheduler.SchedulerScan - DEBUG - ...scaning job schedulers[('1', '37 * * * *'), ('2', '34 * * * *'), ('3', '45 * * * *')]
2015-03-18 12:01:58,978 - jobscheduler.SchedulerScan - DEBUG - ...scaning job schedulers[('1', '37 * * * *'), ('2', '34 * * * *'), ('3', '45 * * * *')]
2015-03-18 12:02:58,982 - jobscheduler.SchedulerScan - DEBUG - ...scaning job schedulers[('1', '37 * * * *'), ('2', '34 * * * *'), ('3', '45 * * * *')]
2015-03-18 12:03:58,991 - jobscheduler.SchedulerScan - DEBUG - ...scaning job schedulers[('1', '37 * * * *'), ('2', '34 * * * *'), ('3', '45 * * * *')]
2015-03-18 12:04:58,999 - jobscheduler.SchedulerScan - DEBUG - ...scaning job schedulers[('1', '37 * * * *'), ('2', '34 * * * *'), ('3', '45 * * * *')]
2015-03-18 12:05:59,008 - jobscheduler.SchedulerScan - DEBUG - ...scaning job schedulers[('1', '37 * * * *'), ('2', '34 * * * *'), ('3', '45 * * * *')]
2015-03-18 12:06:59,015 - jobscheduler.SchedulerScan - DEBUG - ...scaning job schedulers[('1', '37 * * * *'), ('2', '34 * * * *'), ('3', '45 * * * *')]
2015-03-18 12:07:59,023 - jobscheduler.SchedulerScan - DEBUG - ...scaning job schedulers[('1', '37 * * * *'), ('2', '34 * * * *'), ('3', '45 * * * *')]
2015-03-18 12:08:59,031 - jobscheduler.SchedulerScan - DEBUG - ...scaning job schedulers[('1', '37 * * * *'), ('2', '34 * * * *'), ('3', '45 * * * *')]
2015-03-18 12:09:59,040 - jobscheduler.SchedulerScan - DEBUG - ...scaning job schedulers[('1', '37 * * * *'), ('2', '34 * * * *'), ('3', '45 * * * *')]
2015-03-18 12:10:59,047 - jobscheduler.SchedulerScan - DEBUG - ...scaning job schedulers[('1', '37 * * * *'), ('2', '34 * * * *'), ('3', '45 * * * *')]
2015-03-18 12:11:59,052 - jobscheduler.SchedulerScan - DEBUG - ...scaning job schedulers[('1', '37 * * * *'), ('2', '34 * * * *'), ('3', '45 * * * *')]
2015-03-18 12:12:59,061 - jobscheduler.SchedulerScan - DEBUG - ...scaning job schedulers[('1', '37 * * * *'), ('2', '34 * * * *'), ('3', '45 * * * *')]
2015-03-18 12:13:59,068 - jobscheduler.SchedulerScan - DEBUG - ...scaning job schedulers[('1', '37 * * * *'), ('2', '34 * * * *'), ('3', '45 * * * *')]
2015-03-18 12:14:59,078 - jobscheduler.SchedulerScan - DEBUG - ...scaning job schedulers[('1', '37 * * * *'), ('2', '34 * * * *'), ('3', '45 * * * *')]
2015-03-18 12:15:59,083 - jobscheduler.SchedulerScan - DEBUG - ...scaning job schedulers[('1', '37 * * * *'), ('2', '34 * * * *'), ('3', '45 * * * *')]
2015-03-18 12:16:59,091 - jobscheduler.SchedulerScan - DEBUG - ...scaning job schedulers[('1', '37 * * * *'), ('2', '34 * * * *'), ('3', '45 * * * *')]
2015-03-18 12:17:59,097 - jobscheduler.SchedulerScan - DEBUG - ...scaning job schedulers[('1', '37 * * * *'), ('2', '34 * * * *'), ('3', '45 * * * *')]
2015-03-18 12:18:59,104 - jobscheduler.SchedulerScan - DEBUG - ...scaning job schedulers[('1', '37 * * * *'), ('2', '34 * * * *'), ('3', '45 * * * *')]
2015-03-18 12:19:59,111 - jobscheduler.SchedulerScan - DEBUG - ...scaning job schedulers[('1', '37 * * * *'), ('2', '34 * * * *'), ('3', '45 * * * *')]
2015-03-18 12:20:59,118 - jobscheduler.SchedulerScan - DEBUG - ...scaning job schedulers[('1', '37 * * * *'), ('2', '34 * * * *'), ('3', '45 * * * *')]
2015-03-18 12:21:59,125 - jobscheduler.SchedulerScan - DEBUG - ...scaning job schedulers[('1', '37 * * * *'), ('2', '34 * * * *'), ('3', '45 * * * *')]
2015-03-18 12:22:59,132 - jobscheduler.SchedulerScan - DEBUG - ...scaning job schedulers[('1', '37 * * * *'), ('2', '34 * * * *'), ('3', '45 * * * *')]
2015-03-18 12:23:59,139 - jobscheduler.SchedulerScan - DEBUG - ...scaning job schedulers[('1', '37 * * * *'), ('2', '34 * * * *'), ('3', '45 * * * *')]
2015-03-18 12:24:59,145 - jobscheduler.SchedulerScan - DEBUG - ...scaning job schedulers[('1', '37 * * * *'), ('2', '34 * * * *'), ('3', '45 * * * *')]
2015-03-18 12:25:59,151 - jobscheduler.SchedulerScan - DEBUG - ...scaning job schedulers[('1', '37 * * * *'), ('2', '34 * * * *'), ('3', '45 * * * *')]
2015-03-18 12:26:59,158 - jobscheduler.SchedulerScan - DEBUG - ...scaning job schedulers[('1', '37 * * * *'), ('2', '34 * * * *'), ('3', '45 * * * *')]
2015-03-18 12:27:59,165 - jobscheduler.SchedulerScan - DEBUG - ...scaning job schedulers[('1', '37 * * * *'), ('2', '34 * * * *'), ('3', '45 * * * *')]
2015-03-18 12:28:59,172 - jobscheduler.SchedulerScan - DEBUG - ...scaning job schedulers[('1', '37 * * * *'), ('2', '34 * * * *'), ('3', '45 * * * *')]
2015-03-18 12:29:59,178 - jobscheduler.SchedulerScan - DEBUG - ...scaning job schedulers[('1', '37 * * * *'), ('2', '34 * * * *'), ('3', '45 * * * *')]
2015-03-18 12:30:59,186 - jobscheduler.SchedulerScan - DEBUG - ...scaning job schedulers[('1', '37 * * * *'), ('2', '34 * * * *'), ('3', '45 * * * *')]
2015-03-18 12:31:59,194 - jobscheduler.SchedulerScan - DEBUG - ...scaning job schedulers[('1', '37 * * * *'), ('2', '34 * * * *'), ('3', '45 * * * *')]
2015-03-18 12:32:59,203 - jobscheduler.SchedulerScan - DEBUG - ...scaning job schedulers[('1', '37 * * * *'), ('2', '34 * * * *'), ('3', '45 * * * *')]
2015-03-18 12:33:59,212 - jobscheduler.SchedulerScan - DEBUG - ...scaning job schedulers[('1', '37 * * * *'), ('2', '34 * * * *'), ('3', '45 * * * *')]
2015-03-18 12:34:59,218 - jobscheduler.SchedulerScan - DEBUG - ...scaning job schedulers[('1', '37 * * * *'), ('2', '34 * * * *'), ('3', '45 * * * *')]
2015-03-18 12:34:59,218 - jobscheduler.SchedulerScan - DEBUG - .... scan job start run job:2
2015-03-18 12:34:59,227 - jobscheduler.exectools.cmd - DEBUG - job runing log:
2015-03-18 12:35:59,231 - jobscheduler.SchedulerScan - DEBUG - ...scaning job schedulers[('1', '37 * * * *'), ('2', '34 * * * *'), ('3', '45 * * * *')]
2015-03-18 12:36:59,240 - jobscheduler.SchedulerScan - DEBUG - ...scaning job schedulers[('1', '37 * * * *'), ('2', '34 * * * *'), ('3', '45 * * * *')]
2015-03-18 12:37:59,245 - jobscheduler.SchedulerScan - DEBUG - ...scaning job schedulers[('1', '37 * * * *'), ('2', '34 * * * *'), ('3', '45 * * * *')]
2015-03-18 12:37:59,246 - jobscheduler.SchedulerScan - DEBUG - .... scan job start run job:1
2015-03-18 12:37:59,254 - jobscheduler.exectools.cmd - DEBUG - job runing log:
2015-03-18 12:38:59,257 - jobscheduler.SchedulerScan - DEBUG - ...scaning job schedulers[('1', '37 * * * *'), ('2', '34 * * * *'), ('3', '45 * * * *')]
2015-03-18 12:39:59,264 - jobscheduler.SchedulerScan - DEBUG - ...scaning job schedulers[('1', '37 * * * *'), ('2', '34 * * * *'), ('3', '45 * * * *')]
2015-03-18 12:40:59,272 - jobscheduler.SchedulerScan - DEBUG - ...scaning job schedulers[('1', '37 * * * *'), ('2', '34 * * * *'), ('3', '45 * * * *')]
2015-03-18 12:41:59,277 - jobscheduler.SchedulerScan - DEBUG - ...scaning job schedulers[('1', '37 * * * *'), ('2', '34 * * * *'), ('3', '45 * * * *')]
2015-03-18 12:42:59,284 - jobscheduler.SchedulerScan - DEBUG - ...scaning job schedulers[('1', '37 * * * *'), ('2', '34 * * * *'), ('3', '45 * * * *')]
2015-03-18 12:43:59,291 - jobscheduler.SchedulerScan - DEBUG - ...scaning job schedulers[('1', '37 * * * *'), ('2', '34 * * * *'), ('3', '45 * * * *')]
2015-03-18 12:44:59,299 - jobscheduler.SchedulerScan - DEBUG - ...scaning job schedulers[('1', '37 * * * *'), ('2', '34 * * * *'), ('3', '45 * * * *')]
2015-03-18 12:45:59,306 - jobscheduler.SchedulerScan - DEBUG - ...scaning job schedulers[('1', '37 * * * *'), ('2', '34 * * * *'), ('3', '45 * * * *')]
2015-03-18 12:45:59,307 - jobscheduler.SchedulerScan - DEBUG - .... scan job start run job:3
2015-03-18 12:45:59,321 - jobscheduler.exectools.cmd - DEBUG - job runing log:
2015-03-18 12:46:59,317 - jobscheduler.SchedulerScan - DEBUG - ...scaning job schedulers[('1', '37 * * * *'), ('2', '34 * * * *'), ('3', '45 * * * *')]
2015-03-18 12:47:59,325 - jobscheduler.SchedulerScan - DEBUG - ...scaning job schedulers[('1', '37 * * * *'), ('2', '34 * * * *'), ('3', '45 * * * *')]
2015-03-18 12:48:59,329 - jobscheduler.SchedulerScan - DEBUG - ...scaning job schedulers[('1', '37 * * * *'), ('2', '34 * * * *'), ('3', '45 * * * *')]
2015-03-18 12:49:59,337 - jobscheduler.SchedulerScan - DEBUG - ...scaning job schedulers[('1', '37 * * * *'), ('2', '34 * * * *'), ('3', '45 * * * *')]
2015-03-18 12:50:59,344 - jobscheduler.SchedulerScan - DEBUG - ...scaning job schedulers[('1', '37 * * * *'), ('2', '34 * * * *'), ('3', '45 * * * *')]
2015-03-18 12:51:59,348 - jobscheduler.SchedulerScan - DEBUG - ...scaning job schedulers[('1', '37 * * * *'), ('2', '34 * * * *'), ('3', '45 * * * *')]
2015-03-18 12:52:59,354 - jobscheduler.SchedulerScan - DEBUG - ...scaning job schedulers[('1', '37 * * * *'), ('2', '34 * * * *'), ('3', '45 * * * *')]
2015-03-18 12:53:59,359 - jobscheduler.SchedulerScan - DEBUG - ...scaning job schedulers[('1', '37 * * * *'), ('2', '34 * * * *'), ('3', '45 * * * *')]
2015-03-18 12:54:59,367 - jobscheduler.SchedulerScan - DEBUG - ...scaning job schedulers[('1', '37 * * * *'), ('2', '34 * * * *'), ('3', '45 * * * *')]
2015-03-18 12:55:59,371 - jobscheduler.SchedulerScan - DEBUG - ...scaning job schedulers[('1', '37 * * * *'), ('2', '34 * * * *'), ('3', '45 * * * *')]
2015-03-18 12:56:59,379 - jobscheduler.SchedulerScan - DEBUG - ...scaning job schedulers[('1', '37 * * * *'), ('2', '34 * * * *'), ('3', '45 * * * *')]
2015-03-18 12:57:59,387 - jobscheduler.SchedulerScan - DEBUG - ...scaning job schedulers[('1', '37 * * * *'), ('2', '34 * * * *'), ('3', '45 * * * *')]
2015-03-18 12:58:59,392 - jobscheduler.SchedulerScan - DEBUG - ...scaning job schedulers[('1', '37 * * * *'), ('2', '34 * * * *'), ('3', '45 * * * *')]
2015-03-18 12:59:59,401 - jobscheduler.SchedulerScan - DEBUG - ...scaning job schedulers[('1', '37 * * * *'), ('2', '34 * * * *'), ('3', '45 * * * *')]
2015-03-18 13:00:59,408 - jobscheduler.SchedulerScan - DEBUG - ...scaning job schedulers[('1', '37 * * * *'), ('2', '34 * * * *'), ('3', '45 * * * *')]
2015-03-18 13:01:59,416 - jobscheduler.SchedulerScan - DEBUG - ...scaning job schedulers[('1', '37 * * * *'), ('2', '34 * * * *'), ('3', '45 * * * *')]
2015-03-18 13:02:59,421 - jobscheduler.SchedulerScan - DEBUG - ...scaning job schedulers[('1', '37 * * * *'), ('2', '34 * * * *'), ('3', '45 * * * *')]
2015-03-18 13:03:59,428 - jobscheduler.SchedulerScan - DEBUG - ...scaning job schedulers[('1', '37 * * * *'), ('2', '34 * * * *'), ('3', '45 * * * *')]
2015-03-18 13:04:59,433 - jobscheduler.SchedulerScan - DEBUG - ...scaning job schedulers[('1', '37 * * * *'), ('2', '34 * * * *'), ('3', '45 * * * *')]
2015-03-18 13:05:59,436 - jobscheduler.SchedulerScan - DEBUG - ...scaning job schedulers[('1', '37 * * * *'), ('2', '34 * * * *'), ('3', '45 * * * *')]
2015-03-18 13:06:59,441 - jobscheduler.SchedulerScan - DEBUG - ...scaning job schedulers[('1', '37 * * * *'), ('2', '34 * * * *'), ('3', '45 * * * *')]
2015-03-18 13:07:59,449 - jobscheduler.SchedulerScan - DEBUG - ...scaning job schedulers[('1', '37 * * * *'), ('2', '34 * * * *'), ('3', '45 * * * *')]
2015-03-18 13:08:59,455 - jobscheduler.SchedulerScan - DEBUG - ...scaning job schedulers[('1', '37 * * * *'), ('2', '34 * * * *'), ('3', '45 * * * *')]
2015-03-18 13:09:59,461 - jobscheduler.SchedulerScan - DEBUG - ...scaning job schedulers[('1', '37 * * * *'), ('2', '34 * * * *'), ('3', '45 * * * *')]
2015-03-18 13:10:59,468 - jobscheduler.SchedulerScan - DEBUG - ...scaning job schedulers[('1', '37 * * * *'), ('2', '34 * * * *'), ('3', '45 * * * *')]
2015-03-18 13:11:59,476 - jobscheduler.SchedulerScan - DEBUG - ...scaning job schedulers[('1', '37 * * * *'), ('2', '34 * * * *'), ('3', '45 * * * *')]
2015-03-18 13:12:59,484 - jobscheduler.SchedulerScan - DEBUG - ...scaning job schedulers[('1', '37 * * * *'), ('2', '34 * * * *'), ('3', '45 * * * *')]
2015-03-18 13:13:59,492 - jobscheduler.SchedulerScan - DEBUG - ...scaning job schedulers[('1', '37 * * * *'), ('2', '34 * * * *'), ('3', '45 * * * *')]
2015-03-18 13:14:59,498 - jobscheduler.SchedulerScan - DEBUG - ...scaning job schedulers[('1', '37 * * * *'), ('2', '34 * * * *'), ('3', '45 * * * *')]
2015-03-18 13:15:59,505 - jobscheduler.SchedulerScan - DEBUG - ...scaning job schedulers[('1', '37 * * * *'), ('2', '34 * * * *'), ('3', '45 * * * *')]
2015-03-18 13:16:59,512 - jobscheduler.SchedulerScan - DEBUG - ...scaning job schedulers[('1', '37 * * * *'), ('2', '34 * * * *'), ('3', '45 * * * *')]
2015-03-18 13:17:59,519 - jobscheduler.SchedulerScan - DEBUG - ...scaning job schedulers[('1', '37 * * * *'), ('2', '34 * * * *'), ('3', '45 * * * *')]
2015-03-18 13:18:59,523 - jobscheduler.SchedulerScan - DEBUG - ...scaning job schedulers[('1', '37 * * * *'), ('2', '34 * * * *'), ('3', '45 * * * *')]
2015-03-18 13:19:59,531 - jobscheduler.SchedulerScan - DEBUG - ...scaning job schedulers[('1', '37 * * * *'), ('2', '34 * * * *'), ('3', '45 * * * *')]
2015-03-18 13:20:59,535 - jobscheduler.SchedulerScan - DEBUG - ...scaning job schedulers[('1', '37 * * * *'), ('2', '34 * * * *'), ('3', '45 * * * *')]
2015-03-18 13:21:59,539 - jobscheduler.SchedulerScan - DEBUG - ...scaning job schedulers[('1', '37 * * * *'), ('2', '34 * * * *'), ('3', '45 * * * *')]
2015-03-18 13:22:59,547 - jobscheduler.SchedulerScan - DEBUG - ...scaning job schedulers[('1', '37 * * * *'), ('2', '34 * * * *'), ('3', '45 * * * *')]
2015-03-18 13:23:59,555 - jobscheduler.SchedulerScan - DEBUG - ...scaning job schedulers[('1', '37 * * * *'), ('2', '34 * * * *'), ('3', '45 * * * *')]
2015-03-18 13:24:59,563 - jobscheduler.SchedulerScan - DEBUG - ...scaning job schedulers[('1', '37 * * * *'), ('2', '34 * * * *'), ('3', '45 * * * *')]
2015-03-18 13:25:59,569 - jobscheduler.SchedulerScan - DEBUG - ...scaning job schedulers[('1', '37 * * * *'), ('2', '34 * * * *'), ('3', '45 * * * *')]
2015-03-18 13:26:59,576 - jobscheduler.SchedulerScan - DEBUG - ...scaning job schedulers[('1', '37 * * * *'), ('2', '34 * * * *'), ('3', '45 * * * *')]
2015-03-18 13:27:59,581 - jobscheduler.SchedulerScan - DEBUG - ...scaning job schedulers[('1', '37 * * * *'), ('2', '34 * * * *'), ('3', '45 * * * *')]
2015-03-18 13:28:59,588 - jobscheduler.SchedulerScan - DEBUG - ...scaning job schedulers[('1', '37 * * * *'), ('2', '34 * * * *'), ('3', '45 * * * *')]
2015-03-18 13:29:59,595 - jobscheduler.SchedulerScan - DEBUG - ...scaning job schedulers[('1', '37 * * * *'), ('2', '34 * * * *'), ('3', '45 * * * *')]
2015-03-18 13:30:59,603 - jobscheduler.SchedulerScan - DEBUG - ...scaning job schedulers[('1', '37 * * * *'), ('2', '34 * * * *'), ('3', '45 * * * *')]
2015-03-18 13:31:59,610 - jobscheduler.SchedulerScan - DEBUG - ...scaning job schedulers[('1', '37 * * * *'), ('2', '34 * * * *'), ('3', '45 * * * *')]
2015-03-18 13:32:59,619 - jobscheduler.SchedulerScan - DEBUG - ...scaning job schedulers[('1', '37 * * * *'), ('2', '34 * * * *'), ('3', '45 * * * *')]
2015-03-18 13:33:59,628 - jobscheduler.SchedulerScan - DEBUG - ...scaning job schedulers[('1', '37 * * * *'), ('2', '34 * * * *'), ('3', '45 * * * *')]
2015-03-18 13:34:59,634 - jobscheduler.SchedulerScan - DEBUG - ...scaning job schedulers[('1', '37 * * * *'), ('2', '34 * * * *'), ('3', '45 * * * *')]
2015-03-18 13:34:59,635 - jobscheduler.SchedulerScan - DEBUG - .... scan job start run job:2
2015-03-18 13:34:59,642 - jobscheduler.exectools.cmd - DEBUG - job runing log:
2015-03-18 13:35:59,644 - jobscheduler.SchedulerScan - DEBUG - ...scaning job schedulers[('1', '37 * * * *'), ('2', '34 * * * *'), ('3', '45 * * * *')]
2015-03-18 13:36:59,651 - jobscheduler.SchedulerScan - DEBUG - ...scaning job schedulers[('1', '37 * * * *'), ('2', '34 * * * *'), ('3', '45 * * * *')]
2015-03-18 13:37:59,658 - jobscheduler.SchedulerScan - DEBUG - ...scaning job schedulers[('1', '37 * * * *'), ('2', '34 * * * *'), ('3', '45 * * * *')]
2015-03-18 13:37:59,658 - jobscheduler.SchedulerScan - DEBUG - .... scan job start run job:1
2015-03-18 13:37:59,665 - jobscheduler.exectools.cmd - DEBUG - job runing log:
2015-03-18 13:38:59,667 - jobscheduler.SchedulerScan - DEBUG - ...scaning job schedulers[('1', '37 * * * *'), ('2', '34 * * * *'), ('3', '45 * * * *')]
2015-03-18 13:39:59,674 - jobscheduler.SchedulerScan - DEBUG - ...scaning job schedulers[('1', '37 * * * *'), ('2', '34 * * * *'), ('3', '45 * * * *')]
2015-03-18 13:40:59,686 - jobscheduler.SchedulerScan - DEBUG - ...scaning job schedulers[('1', '37 * * * *'), ('2', '34 * * * *'), ('3', '45 * * * *')]
2015-03-18 13:41:59,693 - jobscheduler.SchedulerScan - DEBUG - ...scaning job schedulers[('1', '37 * * * *'), ('2', '34 * * * *'), ('3', '45 * * * *')]
2015-03-18 13:42:59,700 - jobscheduler.SchedulerScan - DEBUG - ...scaning job schedulers[('1', '37 * * * *'), ('2', '34 * * * *'), ('3', '45 * * * *')]
2015-03-18 13:43:59,708 - jobscheduler.SchedulerScan - DEBUG - ...scaning job schedulers[('1', '37 * * * *'), ('2', '34 * * * *'), ('3', '45 * * * *')]
2015-03-18 13:44:59,717 - jobscheduler.SchedulerScan - DEBUG - ...scaning job schedulers[('1', '37 * * * *'), ('2', '34 * * * *'), ('3', '45 * * * *')]
2015-03-18 13:45:59,725 - jobscheduler.SchedulerScan - DEBUG - ...scaning job schedulers[('1', '37 * * * *'), ('2', '34 * * * *'), ('3', '45 * * * *')]
2015-03-18 13:45:59,725 - jobscheduler.SchedulerScan - DEBUG - .... scan job start run job:3
2015-03-18 13:45:59,747 - jobscheduler.exectools.cmd - DEBUG - job runing log:
2015-03-18 13:46:59,734 - jobscheduler.SchedulerScan - DEBUG - ...scaning job schedulers[('1', '37 * * * *'), ('2', '34 * * * *'), ('3', '45 * * * *')]
2015-03-18 13:47:59,738 - jobscheduler.SchedulerScan - DEBUG - ...scaning job schedulers[('1', '37 * * * *'), ('2', '34 * * * *'), ('3', '45 * * * *')]
2015-03-18 13:48:59,745 - jobscheduler.SchedulerScan - DEBUG - ...scaning job schedulers[('1', '37 * * * *'), ('2', '34 * * * *'), ('3', '45 * * * *')]
2015-03-18 13:49:59,753 - jobscheduler.SchedulerScan - DEBUG - ...scaning job schedulers[('1', '37 * * * *'), ('2', '34 * * * *'), ('3', '45 * * * *')]
2015-03-18 13:50:59,758 - jobscheduler.SchedulerScan - DEBUG - ...scaning job schedulers[('1', '37 * * * *'), ('2', '34 * * * *'), ('3', '45 * * * *')]
2015-03-18 13:51:59,765 - jobscheduler.SchedulerScan - DEBUG - ...scaning job schedulers[('1', '37 * * * *'), ('2', '34 * * * *'), ('3', '45 * * * *')]
2015-03-18 13:52:59,772 - jobscheduler.SchedulerScan - DEBUG - ...scaning job schedulers[('1', '37 * * * *'), ('2', '34 * * * *'), ('3', '45 * * * *')]
2015-03-18 13:53:59,778 - jobscheduler.SchedulerScan - DEBUG - ...scaning job schedulers[('1', '37 * * * *'), ('2', '34 * * * *'), ('3', '45 * * * *')]
2015-03-18 13:54:59,786 - jobscheduler.SchedulerScan - DEBUG - ...scaning job schedulers[('1', '37 * * * *'), ('2', '34 * * * *'), ('3', '45 * * * *')]
2015-03-18 13:55:59,792 - jobscheduler.SchedulerScan - DEBUG - ...scaning job schedulers[('1', '37 * * * *'), ('2', '34 * * * *'), ('3', '45 * * * *')]
2015-03-18 13:56:59,798 - jobscheduler.SchedulerScan - DEBUG - ...scaning job schedulers[('1', '37 * * * *'), ('2', '34 * * * *'), ('3', '45 * * * *')]
2015-03-18 13:57:59,804 - jobscheduler.SchedulerScan - DEBUG - ...scaning job schedulers[('1', '37 * * * *'), ('2', '34 * * * *'), ('3', '45 * * * *')]
2015-03-18 13:58:59,812 - jobscheduler.SchedulerScan - DEBUG - ...scaning job schedulers[('1', '37 * * * *'), ('2', '34 * * * *'), ('3', '45 * * * *')]
2015-03-18 13:59:59,819 - jobscheduler.SchedulerScan - DEBUG - ...scaning job schedulers[('1', '37 * * * *'), ('2', '34 * * * *'), ('3', '45 * * * *')]
2015-03-18 14:00:59,826 - jobscheduler.SchedulerScan - DEBUG - ...scaning job schedulers[('1', '37 * * * *'), ('2', '34 * * * *'), ('3', '45 * * * *')]
2015-03-18 14:01:59,833 - jobscheduler.SchedulerScan - DEBUG - ...scaning job schedulers[('1', '37 * * * *'), ('2', '34 * * * *'), ('3', '45 * * * *')]
2015-03-18 14:02:59,840 - jobscheduler.SchedulerScan - DEBUG - ...scaning job schedulers[('1', '37 * * * *'), ('2', '34 * * * *'), ('3', '45 * * * *')]
2015-03-18 14:03:59,848 - jobscheduler.SchedulerScan - DEBUG - ...scaning job schedulers[('1', '37 * * * *'), ('2', '34 * * * *'), ('3', '45 * * * *')]
2015-03-18 14:04:59,855 - jobscheduler.SchedulerScan - DEBUG - ...scaning job schedulers[('1', '37 * * * *'), ('2', '34 * * * *'), ('3', '45 * * * *')]
2015-03-18 14:05:59,860 - jobscheduler.SchedulerScan - DEBUG - ...scaning job schedulers[('1', '37 * * * *'), ('2', '34 * * * *'), ('3', '45 * * * *')]
2015-03-18 14:06:59,867 - jobscheduler.SchedulerScan - DEBUG - ...scaning job schedulers[('1', '37 * * * *'), ('2', '34 * * * *'), ('3', '45 * * * *')]
2015-03-18 14:07:59,873 - jobscheduler.SchedulerScan - DEBUG - ...scaning job schedulers[('1', '37 * * * *'), ('2', '34 * * * *'), ('3', '45 * * * *')]
2015-03-18 14:08:59,879 - jobscheduler.SchedulerScan - DEBUG - ...scaning job schedulers[('1', '37 * * * *'), ('2', '34 * * * *'), ('3', '45 * * * *')]
2015-03-18 14:09:59,885 - jobscheduler.SchedulerScan - DEBUG - ...scaning job schedulers[('1', '37 * * * *'), ('2', '34 * * * *'), ('3', '45 * * * *')]
2015-03-18 14:10:59,892 - jobscheduler.SchedulerScan - DEBUG - ...scaning job schedulers[('1', '37 * * * *'), ('2', '34 * * * *'), ('3', '45 * * * *')]
2015-03-18 14:11:59,898 - jobscheduler.SchedulerScan - DEBUG - ...scaning job schedulers[('1', '37 * * * *'), ('2', '34 * * * *'), ('3', '45 * * * *')]
2015-03-18 14:12:59,905 - jobscheduler.SchedulerScan - DEBUG - ...scaning job schedulers[('1', '37 * * * *'), ('2', '34 * * * *'), ('3', '45 * * * *')]
2015-03-18 14:13:59,911 - jobscheduler.SchedulerScan - DEBUG - ...scaning job schedulers[('1', '37 * * * *'), ('2', '34 * * * *'), ('3', '45 * * * *')]
2015-03-18 14:14:59,918 - jobscheduler.SchedulerScan - DEBUG - ...scaning job schedulers[('1', '37 * * * *'), ('2', '34 * * * *'), ('3', '45 * * * *')]
2015-03-18 14:15:59,924 - jobscheduler.SchedulerScan - DEBUG - ...scaning job schedulers[('1', '37 * * * *'), ('2', '34 * * * *'), ('3', '45 * * * *')]
2015-03-18 14:16:59,932 - jobscheduler.SchedulerScan - DEBUG - ...scaning job schedulers[('1', '37 * * * *'), ('2', '34 * * * *'), ('3', '45 * * * *')]
2015-03-18 14:17:59,938 - jobscheduler.SchedulerScan - DEBUG - ...scaning job schedulers[('1', '37 * * * *'), ('2', '34 * * * *'), ('3', '45 * * * *')]
2015-03-18 14:18:59,945 - jobscheduler.SchedulerScan - DEBUG - ...scaning job schedulers[('1', '37 * * * *'), ('2', '34 * * * *'), ('3', '45 * * * *')]
2015-03-18 14:19:59,952 - jobscheduler.SchedulerScan - DEBUG - ...scaning job schedulers[('1', '37 * * * *'), ('2', '34 * * * *'), ('3', '45 * * * *')]
2015-03-18 14:20:59,957 - jobscheduler.SchedulerScan - DEBUG - ...scaning job schedulers[('1', '37 * * * *'), ('2', '34 * * * *'), ('3', '45 * * * *')]
2015-03-18 14:21:59,965 - jobscheduler.SchedulerScan - DEBUG - ...scaning job schedulers[('1', '37 * * * *'), ('2', '34 * * * *'), ('3', '45 * * * *')]
2015-03-18 14:22:59,973 - jobscheduler.SchedulerScan - DEBUG - ...scaning job schedulers[('1', '37 * * * *'), ('2', '34 * * * *'), ('3', '45 * * * *')]
2015-03-18 14:23:59,982 - jobscheduler.SchedulerScan - DEBUG - ...scaning job schedulers[('1', '37 * * * *'), ('2', '34 * * * *'), ('3', '45 * * * *')]
2015-03-18 14:24:59,987 - jobscheduler.SchedulerScan - DEBUG - ...scaning job schedulers[('1', '37 * * * *'), ('2', '34 * * * *'), ('3', '45 * * * *')]
2015-03-18 14:25:59,992 - jobscheduler.SchedulerScan - DEBUG - ...scaning job schedulers[('1', '37 * * * *'), ('2', '34 * * * *'), ('3', '45 * * * *')]
2015-03-18 14:26:59,996 - jobscheduler.SchedulerScan - DEBUG - ...scaning job schedulers[('1', '37 * * * *'), ('2', '34 * * * *'), ('3', '45 * * * *')]
2015-03-18 14:28:00,004 - jobscheduler.SchedulerScan - DEBUG - ...scaning job schedulers[('1', '37 * * * *'), ('2', '34 * * * *'), ('3', '45 * * * *')]
2015-03-18 14:29:00,012 - jobscheduler.SchedulerScan - DEBUG - ...scaning job schedulers[('1', '37 * * * *'), ('2', '34 * * * *'), ('3', '45 * * * *')]
2015-03-18 14:30:00,018 - jobscheduler.SchedulerScan - DEBUG - ...scaning job schedulers[('1', '37 * * * *'), ('2', '34 * * * *'), ('3', '45 * * * *')]
2015-03-18 14:31:00,024 - jobscheduler.SchedulerScan - DEBUG - ...scaning job schedulers[('1', '37 * * * *'), ('2', '34 * * * *'), ('3', '45 * * * *')]
2015-03-18 14:32:00,030 - jobscheduler.SchedulerScan - DEBUG - ...scaning job schedulers[('1', '37 * * * *'), ('2', '34 * * * *'), ('3', '45 * * * *')]
2015-03-18 14:33:00,038 - jobscheduler.SchedulerScan - DEBUG - ...scaning job schedulers[('1', '37 * * * *'), ('2', '34 * * * *'), ('3', '45 * * * *')]
2015-03-18 14:34:00,041 - jobscheduler.SchedulerScan - DEBUG - ...scaning job schedulers[('1', '37 * * * *'), ('2', '34 * * * *'), ('3', '45 * * * *')]
2015-03-18 14:34:00,041 - jobscheduler.SchedulerScan - DEBUG - .... scan job start run job:2
2015-03-18 14:34:00,059 - jobscheduler.exectools.cmd - DEBUG - job runing log:
2015-03-18 14:35:00,051 - jobscheduler.SchedulerScan - DEBUG - ...scaning job schedulers[('1', '37 * * * *'), ('2', '34 * * * *'), ('3', '45 * * * *')]
2015-03-18 14:36:00,058 - jobscheduler.SchedulerScan - DEBUG - ...scaning job schedulers[('1', '37 * * * *'), ('2', '34 * * * *'), ('3', '45 * * * *')]
2015-03-18 14:37:00,064 - jobscheduler.SchedulerScan - DEBUG - ...scaning job schedulers[('1', '37 * * * *'), ('2', '34 * * * *'), ('3', '45 * * * *')]
2015-03-18 14:37:00,064 - jobscheduler.SchedulerScan - DEBUG - .... scan job start run job:1
2015-03-18 14:37:00,071 - jobscheduler.exectools.cmd - DEBUG - job runing log:
2015-03-18 14:38:00,072 - jobscheduler.SchedulerScan - DEBUG - ...scaning job schedulers[('1', '37 * * * *'), ('2', '34 * * * *'), ('3', '45 * * * *')]
2015-03-18 14:39:00,076 - jobscheduler.SchedulerScan - DEBUG - ...scaning job schedulers[('1', '37 * * * *'), ('2', '34 * * * *'), ('3', '45 * * * *')]
2015-03-18 14:40:00,080 - jobscheduler.SchedulerScan - DEBUG - ...scaning job schedulers[('1', '37 * * * *'), ('2', '34 * * * *'), ('3', '45 * * * *')]
2015-03-18 14:41:00,084 - jobscheduler.SchedulerScan - DEBUG - ...scaning job schedulers[('1', '37 * * * *'), ('2', '34 * * * *'), ('3', '45 * * * *')]
2015-03-18 14:42:00,088 - jobscheduler.SchedulerScan - DEBUG - ...scaning job schedulers[('1', '37 * * * *'), ('2', '34 * * * *'), ('3', '45 * * * *')]
2015-03-18 14:43:00,095 - jobscheduler.SchedulerScan - DEBUG - ...scaning job schedulers[('1', '37 * * * *'), ('2', '34 * * * *'), ('3', '45 * * * *')]
2015-03-18 14:44:00,103 - jobscheduler.SchedulerScan - DEBUG - ...scaning job schedulers[('1', '37 * * * *'), ('2', '34 * * * *'), ('3', '45 * * * *')]
2015-03-18 14:45:00,107 - jobscheduler.SchedulerScan - DEBUG - ...scaning job schedulers[('1', '37 * * * *'), ('2', '34 * * * *'), ('3', '45 * * * *')]
2015-03-18 14:45:00,108 - jobscheduler.SchedulerScan - DEBUG - .... scan job start run job:3
2015-03-18 14:45:00,120 - jobscheduler.exectools.cmd - DEBUG - job runing log:
2015-03-18 14:46:00,116 - jobscheduler.SchedulerScan - DEBUG - ...scaning job schedulers[('1', '37 * * * *'), ('2', '34 * * * *'), ('3', '45 * * * *')]
2015-03-18 14:47:00,120 - jobscheduler.SchedulerScan - DEBUG - ...scaning job schedulers[('1', '37 * * * *'), ('2', '34 * * * *'), ('3', '45 * * * *')]
2015-03-18 14:48:00,127 - jobscheduler.SchedulerScan - DEBUG - ...scaning job schedulers[('1', '37 * * * *'), ('2', '34 * * * *'), ('3', '45 * * * *')]
2015-03-18 14:49:00,133 - jobscheduler.SchedulerScan - DEBUG - ...scaning job schedulers[('1', '37 * * * *'), ('2', '34 * * * *'), ('3', '45 * * * *')]
2015-03-18 14:50:00,141 - jobscheduler.SchedulerScan - DEBUG - ...scaning job schedulers[('1', '37 * * * *'), ('2', '34 * * * *'), ('3', '45 * * * *')]
2015-03-18 14:51:00,144 - jobscheduler.SchedulerScan - DEBUG - ...scaning job schedulers[('1', '37 * * * *'), ('2', '34 * * * *'), ('3', '45 * * * *')]
2015-03-18 14:52:00,151 - jobscheduler.SchedulerScan - DEBUG - ...scaning job schedulers[('1', '37 * * * *'), ('2', '34 * * * *'), ('3', '45 * * * *')]
2015-03-18 14:53:00,154 - jobscheduler.SchedulerScan - DEBUG - ...scaning job schedulers[('1', '37 * * * *'), ('2', '34 * * * *'), ('3', '45 * * * *')]
2015-03-18 14:54:00,163 - jobscheduler.SchedulerScan - DEBUG - ...scaning job schedulers[('1', '37 * * * *'), ('2', '34 * * * *'), ('3', '45 * * * *')]
2015-03-18 14:55:00,166 - jobscheduler.SchedulerScan - DEBUG - ...scaning job schedulers[('1', '37 * * * *'), ('2', '34 * * * *'), ('3', '45 * * * *')]
2015-03-18 14:56:00,174 - jobscheduler.SchedulerScan - DEBUG - ...scaning job schedulers[('1', '37 * * * *'), ('2', '34 * * * *'), ('3', '45 * * * *')]
2015-03-18 14:57:00,181 - jobscheduler.SchedulerScan - DEBUG - ...scaning job schedulers[('1', '37 * * * *'), ('2', '34 * * * *'), ('3', '45 * * * *')]
2015-03-18 14:58:00,190 - jobscheduler.SchedulerScan - DEBUG - ...scaning job schedulers[('1', '37 * * * *'), ('2', '34 * * * *'), ('3', '45 * * * *')]
2015-03-18 14:59:00,197 - jobscheduler.SchedulerScan - DEBUG - ...scaning job schedulers[('1', '37 * * * *'), ('2', '34 * * * *'), ('3', '45 * * * *')]
2015-03-18 15:00:00,204 - jobscheduler.SchedulerScan - DEBUG - ...scaning job schedulers[('1', '37 * * * *'), ('2', '34 * * * *'), ('3', '45 * * * *')]
2015-03-18 15:01:00,210 - jobscheduler.SchedulerScan - DEBUG - ...scaning job schedulers[('1', '37 * * * *'), ('2', '34 * * * *'), ('3', '45 * * * *')]
2015-03-18 15:02:00,217 - jobscheduler.SchedulerScan - DEBUG - ...scaning job schedulers[('1', '37 * * * *'), ('2', '34 * * * *'), ('3', '45 * * * *')]
2015-03-18 15:03:00,224 - jobscheduler.SchedulerScan - DEBUG - ...scaning job schedulers[('1', '37 * * * *'), ('2', '34 * * * *'), ('3', '45 * * * *')]
2015-03-18 15:04:00,230 - jobscheduler.SchedulerScan - DEBUG - ...scaning job schedulers[('1', '37 * * * *'), ('2', '34 * * * *'), ('3', '45 * * * *')]
2015-03-18 15:05:00,237 - jobscheduler.SchedulerScan - DEBUG - ...scaning job schedulers[('1', '37 * * * *'), ('2', '34 * * * *'), ('3', '45 * * * *')]
2015-03-18 15:06:00,242 - jobscheduler.SchedulerScan - DEBUG - ...scaning job schedulers[('1', '37 * * * *'), ('2', '34 * * * *'), ('3', '45 * * * *')]
2015-03-18 15:07:00,250 - jobscheduler.SchedulerScan - DEBUG - ...scaning job schedulers[('1', '37 * * * *'), ('2', '34 * * * *'), ('3', '45 * * * *')]
2015-03-18 15:08:00,259 - jobscheduler.SchedulerScan - DEBUG - ...scaning job schedulers[('1', '37 * * * *'), ('2', '34 * * * *'), ('3', '45 * * * *')]
2015-03-18 15:09:00,267 - jobscheduler.SchedulerScan - DEBUG - ...scaning job schedulers[('1', '37 * * * *'), ('2', '34 * * * *'), ('3', '45 * * * *')]
2015-03-18 15:10:00,274 - jobscheduler.SchedulerScan - DEBUG - ...scaning job schedulers[('1', '37 * * * *'), ('2', '34 * * * *'), ('3', '45 * * * *')]
2015-03-18 15:11:00,282 - jobscheduler.SchedulerScan - DEBUG - ...scaning job schedulers[('1', '37 * * * *'), ('2', '34 * * * *'), ('3', '45 * * * *')]
2015-03-18 15:12:00,287 - jobscheduler.SchedulerScan - DEBUG - ...scaning job schedulers[('1', '37 * * * *'), ('2', '34 * * * *'), ('3', '45 * * * *')]
2015-03-18 15:13:00,293 - jobscheduler.SchedulerScan - DEBUG - ...scaning job schedulers[('1', '37 * * * *'), ('2', '34 * * * *'), ('3', '45 * * * *')]
2015-03-18 15:14:00,299 - jobscheduler.SchedulerScan - DEBUG - ...scaning job schedulers[('1', '37 * * * *'), ('2', '34 * * * *'), ('3', '45 * * * *')]
2015-03-18 15:15:00,304 - jobscheduler.SchedulerScan - DEBUG - ...scaning job schedulers[('1', '37 * * * *'), ('2', '34 * * * *'), ('3', '45 * * * *')]
2015-03-18 15:16:00,310 - jobscheduler.SchedulerScan - DEBUG - ...scaning job schedulers[('1', '37 * * * *'), ('2', '34 * * * *'), ('3', '45 * * * *')]
2015-03-18 15:17:00,316 - jobscheduler.SchedulerScan - DEBUG - ...scaning job schedulers[('1', '37 * * * *'), ('2', '34 * * * *'), ('3', '45 * * * *')]
2015-03-18 15:18:00,326 - jobscheduler.SchedulerScan - DEBUG - ...scaning job schedulers[('1', '37 * * * *'), ('2', '34 * * * *'), ('3', '45 * * * *')]
2015-03-18 15:19:00,334 - jobscheduler.SchedulerScan - DEBUG - ...scaning job schedulers[('1', '37 * * * *'), ('2', '34 * * * *'), ('3', '45 * * * *')]
2015-03-18 15:20:00,342 - jobscheduler.SchedulerScan - DEBUG - ...scaning job schedulers[('1', '37 * * * *'), ('2', '34 * * * *'), ('3', '45 * * * *')]
2015-03-18 15:21:00,349 - jobscheduler.SchedulerScan - DEBUG - ...scaning job schedulers[('1', '37 * * * *'), ('2', '34 * * * *'), ('3', '45 * * * *')]
2015-03-18 15:22:00,354 - jobscheduler.SchedulerScan - DEBUG - ...scaning job schedulers[('1', '37 * * * *'), ('2', '34 * * * *'), ('3', '45 * * * *')]
2015-03-18 15:23:00,359 - jobscheduler.SchedulerScan - DEBUG - ...scaning job schedulers[('1', '37 * * * *'), ('2', '34 * * * *'), ('3', '45 * * * *')]
2015-03-18 15:24:00,368 - jobscheduler.SchedulerScan - DEBUG - ...scaning job schedulers[('1', '37 * * * *'), ('2', '34 * * * *'), ('3', '45 * * * *')]
2015-03-18 15:25:00,372 - jobscheduler.SchedulerScan - DEBUG - ...scaning job schedulers[('1', '37 * * * *'), ('2', '34 * * * *'), ('3', '45 * * * *')]
2015-03-18 15:26:00,380 - jobscheduler.SchedulerScan - DEBUG - ...scaning job schedulers[('1', '37 * * * *'), ('2', '34 * * * *'), ('3', '45 * * * *')]
2015-03-18 15:27:00,384 - jobscheduler.SchedulerScan - DEBUG - ...scaning job schedulers[('1', '37 * * * *'), ('2', '34 * * * *'), ('3', '45 * * * *')]
2015-03-18 15:28:00,388 - jobscheduler.SchedulerScan - DEBUG - ...scaning job schedulers[('1', '37 * * * *'), ('2', '34 * * * *'), ('3', '45 * * * *')]
2015-03-18 15:29:00,392 - jobscheduler.SchedulerScan - DEBUG - ...scaning job schedulers[('1', '37 * * * *'), ('2', '34 * * * *'), ('3', '45 * * * *')]
2015-03-18 15:30:00,397 - jobscheduler.SchedulerScan - DEBUG - ...scaning job schedulers[('1', '37 * * * *'), ('2', '34 * * * *'), ('3', '45 * * * *')]
2015-03-18 15:31:00,403 - jobscheduler.SchedulerScan - DEBUG - ...scaning job schedulers[('1', '37 * * * *'), ('2', '34 * * * *'), ('3', '45 * * * *')]
2015-03-18 15:32:00,410 - jobscheduler.SchedulerScan - DEBUG - ...scaning job schedulers[('1', '37 * * * *'), ('2', '34 * * * *'), ('3', '45 * * * *')]
2015-03-18 15:33:00,413 - jobscheduler.SchedulerScan - DEBUG - ...scaning job schedulers[('1', '37 * * * *'), ('2', '34 * * * *'), ('3', '45 * * * *')]
2015-03-18 15:34:00,418 - jobscheduler.SchedulerScan - DEBUG - ...scaning job schedulers[('1', '37 * * * *'), ('2', '34 * * * *'), ('3', '45 * * * *')]
2015-03-18 15:34:00,418 - jobscheduler.SchedulerScan - DEBUG - .... scan job start run job:2
2015-03-18 15:34:00,428 - jobscheduler.exectools.cmd - DEBUG - job runing log:
2015-03-18 15:35:00,427 - jobscheduler.SchedulerScan - DEBUG - ...scaning job schedulers[('1', '37 * * * *'), ('2', '34 * * * *'), ('3', '45 * * * *')]
2015-03-18 15:36:00,435 - jobscheduler.SchedulerScan - DEBUG - ...scaning job schedulers[('1', '37 * * * *'), ('2', '34 * * * *'), ('3', '45 * * * *')]
2015-03-18 15:37:00,442 - jobscheduler.SchedulerScan - DEBUG - ...scaning job schedulers[('1', '37 * * * *'), ('2', '34 * * * *'), ('3', '45 * * * *')]
2015-03-18 15:37:00,443 - jobscheduler.SchedulerScan - DEBUG - .... scan job start run job:1
2015-03-18 15:37:00,455 - jobscheduler.exectools.cmd - DEBUG - job runing log:
2015-03-18 15:38:00,452 - jobscheduler.SchedulerScan - DEBUG - ...scaning job schedulers[('1', '37 * * * *'), ('2', '34 * * * *'), ('3', '45 * * * *')]
2015-03-18 15:39:00,458 - jobscheduler.SchedulerScan - DEBUG - ...scaning job schedulers[('1', '37 * * * *'), ('2', '34 * * * *'), ('3', '45 * * * *')]
2015-03-18 15:40:00,464 - jobscheduler.SchedulerScan - DEBUG - ...scaning job schedulers[('1', '37 * * * *'), ('2', '34 * * * *'), ('3', '45 * * * *')]
2015-03-18 15:41:00,471 - jobscheduler.SchedulerScan - DEBUG - ...scaning job schedulers[('1', '37 * * * *'), ('2', '34 * * * *'), ('3', '45 * * * *')]
2015-03-18 15:42:00,478 - jobscheduler.SchedulerScan - DEBUG - ...scaning job schedulers[('1', '37 * * * *'), ('2', '34 * * * *'), ('3', '45 * * * *')]
2015-03-18 15:43:00,484 - jobscheduler.SchedulerScan - DEBUG - ...scaning job schedulers[('1', '37 * * * *'), ('2', '34 * * * *'), ('3', '45 * * * *')]
2015-03-18 15:44:00,491 - jobscheduler.SchedulerScan - DEBUG - ...scaning job schedulers[('1', '37 * * * *'), ('2', '34 * * * *'), ('3', '45 * * * *')]
2015-03-18 15:45:00,497 - jobscheduler.SchedulerScan - DEBUG - ...scaning job schedulers[('1', '37 * * * *'), ('2', '34 * * * *'), ('3', '45 * * * *')]
2015-03-18 15:45:00,497 - jobscheduler.SchedulerScan - DEBUG - .... scan job start run job:3
2015-03-18 15:45:00,521 - jobscheduler.exectools.cmd - DEBUG - job runing log:
2015-03-18 15:46:00,507 - jobscheduler.SchedulerScan - DEBUG - ...scaning job schedulers[('1', '37 * * * *'), ('2', '34 * * * *'), ('3', '45 * * * *')]
2015-03-18 15:47:00,511 - jobscheduler.SchedulerScan - DEBUG - ...scaning job schedulers[('1', '37 * * * *'), ('2', '34 * * * *'), ('3', '45 * * * *')]
2015-03-18 15:48:00,515 - jobscheduler.SchedulerScan - DEBUG - ...scaning job schedulers[('1', '37 * * * *'), ('2', '34 * * * *'), ('3', '45 * * * *')]
2015-03-18 15:49:00,520 - jobscheduler.SchedulerScan - DEBUG - ...scaning job schedulers[('1', '37 * * * *'), ('2', '34 * * * *'), ('3', '45 * * * *')]
2015-03-18 15:50:00,528 - jobscheduler.SchedulerScan - DEBUG - ...scaning job schedulers[('1', '37 * * * *'), ('2', '34 * * * *'), ('3', '45 * * * *')]
2015-03-18 15:51:00,535 - jobscheduler.SchedulerScan - DEBUG - ...scaning job schedulers[('1', '37 * * * *'), ('2', '34 * * * *'), ('3', '45 * * * *')]
2015-03-18 15:52:00,543 - jobscheduler.SchedulerScan - DEBUG - ...scaning job schedulers[('1', '37 * * * *'), ('2', '34 * * * *'), ('3', '45 * * * *')]
2015-03-18 15:53:00,551 - jobscheduler.SchedulerScan - DEBUG - ...scaning job schedulers[('1', '37 * * * *'), ('2', '34 * * * *'), ('3', '45 * * * *')]
2015-03-18 15:54:00,558 - jobscheduler.SchedulerScan - DEBUG - ...scaning job schedulers[('1', '37 * * * *'), ('2', '34 * * * *'), ('3', '45 * * * *')]
2015-03-18 15:55:00,565 - jobscheduler.SchedulerScan - DEBUG - ...scaning job schedulers[('1', '37 * * * *'), ('2', '34 * * * *'), ('3', '45 * * * *')]
2015-03-18 15:56:00,571 - jobscheduler.SchedulerScan - DEBUG - ...scaning job schedulers[('1', '37 * * * *'), ('2', '34 * * * *'), ('3', '45 * * * *')]
2015-03-18 15:57:00,579 - jobscheduler.SchedulerScan - DEBUG - ...scaning job schedulers[('1', '37 * * * *'), ('2', '34 * * * *'), ('3', '45 * * * *')]
2015-03-18 15:58:00,586 - jobscheduler.SchedulerScan - DEBUG - ...scaning job schedulers[('1', '37 * * * *'), ('2', '34 * * * *'), ('3', '45 * * * *')]
2015-03-18 15:59:00,595 - jobscheduler.SchedulerScan - DEBUG - ...scaning job schedulers[('1', '37 * * * *'), ('2', '34 * * * *'), ('3', '45 * * * *')]
2015-03-18 16:00:00,603 - jobscheduler.SchedulerScan - DEBUG - ...scaning job schedulers[('1', '37 * * * *'), ('2', '34 * * * *'), ('3', '45 * * * *')]
2015-03-18 16:01:00,611 - jobscheduler.SchedulerScan - DEBUG - ...scaning job schedulers[('1', '37 * * * *'), ('2', '34 * * * *'), ('3', '45 * * * *')]
2015-03-18 16:02:00,615 - jobscheduler.SchedulerScan - DEBUG - ...scaning job schedulers[('1', '37 * * * *'), ('2', '34 * * * *'), ('3', '45 * * * *')]
2015-03-18 16:03:00,622 - jobscheduler.SchedulerScan - DEBUG - ...scaning job schedulers[('1', '37 * * * *'), ('2', '34 * * * *'), ('3', '45 * * * *')]
2015-03-18 16:04:00,629 - jobscheduler.SchedulerScan - DEBUG - ...scaning job schedulers[('1', '37 * * * *'), ('2', '34 * * * *'), ('3', '45 * * * *')]
2015-03-18 16:05:00,637 - jobscheduler.SchedulerScan - DEBUG - ...scaning job schedulers[('1', '37 * * * *'), ('2', '34 * * * *'), ('3', '45 * * * *')]
2015-03-18 16:06:00,645 - jobscheduler.SchedulerScan - DEBUG - ...scaning job schedulers[('1', '37 * * * *'), ('2', '34 * * * *'), ('3', '45 * * * *')]
2015-03-18 16:07:00,653 - jobscheduler.SchedulerScan - DEBUG - ...scaning job schedulers[('1', '37 * * * *'), ('2', '34 * * * *'), ('3', '45 * * * *')]
2015-03-18 16:08:00,660 - jobscheduler.SchedulerScan - DEBUG - ...scaning job schedulers[('1', '37 * * * *'), ('2', '34 * * * *'), ('3', '45 * * * *')]
2015-03-18 16:09:00,668 - jobscheduler.SchedulerScan - DEBUG - ...scaning job schedulers[('1', '37 * * * *'), ('2', '34 * * * *'), ('3', '45 * * * *')]
2015-03-18 16:10:00,676 - jobscheduler.SchedulerScan - DEBUG - ...scaning job schedulers[('1', '37 * * * *'), ('2', '34 * * * *'), ('3', '45 * * * *')]
2015-03-18 16:11:00,684 - jobscheduler.SchedulerScan - DEBUG - ...scaning job schedulers[('1', '37 * * * *'), ('2', '34 * * * *'), ('3', '45 * * * *')]
2015-03-18 16:12:00,692 - jobscheduler.SchedulerScan - DEBUG - ...scaning job schedulers[('1', '37 * * * *'), ('2', '34 * * * *'), ('3', '45 * * * *')]
2015-03-18 16:13:00,699 - jobscheduler.SchedulerScan - DEBUG - ...scaning job schedulers[('1', '37 * * * *'), ('2', '34 * * * *'), ('3', '45 * * * *')]
2015-03-18 16:14:00,706 - jobscheduler.SchedulerScan - DEBUG - ...scaning job schedulers[('1', '37 * * * *'), ('2', '34 * * * *'), ('3', '45 * * * *')]
2015-03-18 16:15:00,712 - jobscheduler.SchedulerScan - DEBUG - ...scaning job schedulers[('1', '37 * * * *'), ('2', '34 * * * *'), ('3', '45 * * * *')]
2015-03-18 16:16:00,720 - jobscheduler.SchedulerScan - DEBUG - ...scaning job schedulers[('1', '37 * * * *'), ('2', '34 * * * *'), ('3', '45 * * * *')]
2015-03-18 16:17:00,725 - jobscheduler.SchedulerScan - DEBUG - ...scaning job schedulers[('1', '37 * * * *'), ('2', '34 * * * *'), ('3', '45 * * * *')]
2015-03-18 16:18:00,732 - jobscheduler.SchedulerScan - DEBUG - ...scaning job schedulers[('1', '37 * * * *'), ('2', '34 * * * *'), ('3', '45 * * * *')]
